<?xml version="1.0" encoding="UTF-8"?>
<!-- Generated by org.testng.reporters.JUnitReportReporter -->
<testsuite skipped="0" hostname="Neha3147582-01" name="com.test.automation.VerizonDigitalSignage.TestCases.DashboardTest2" tests="5" failures="0" timestamp="11 Apr 2018 12:11:12 GMT" time="54.665" errors="0">
  <testcase name="test10" time="11.741" classname="com.test.automation.VerizonDigitalSignage.TestCases.DashboardTest2"/>
  <testcase name="test8" time="13.666" classname="com.test.automation.VerizonDigitalSignage.TestCases.DashboardTest2"/>
  <testcase name="test11" time="7.612" classname="com.test.automation.VerizonDigitalSignage.TestCases.DashboardTest2"/>
  <testcase name="test9" time="14.771" classname="com.test.automation.VerizonDigitalSignage.TestCases.DashboardTest2"/>
  <testcase name="test7" time="6.875" classname="com.test.automation.VerizonDigitalSignage.TestCases.DashboardTest2"/>
</testsuite> <!-- com.test.automation.VerizonDigitalSignage.TestCases.DashboardTest2 -->
