<?xml version="1.0" encoding="UTF-8"?>
<!-- Generated by org.testng.reporters.JUnitReportReporter -->
<testsuite skipped="0" hostname="neha3147582" name="com.test.automation.VerizonDigitalSignage.TestCases.DashboardTestWithoutPermissionTest" tests="4" failures="0" timestamp="10 Aug 2018 19:20:33 GMT" time="44.076" errors="0">
  <testcase name="verifyingWithoutPermissionCampaignsCard_ViewCampaignButtonNavigation" time="14.796" classname="com.test.automation.VerizonDigitalSignage.TestCases.DashboardTestWithoutPermissionTest"/>
  <testcase name="verifyingWithoutPermissionLibraiesCard_ViewLibraiesButtonNavigation" time="12.337" classname="com.test.automation.VerizonDigitalSignage.TestCases.DashboardTestWithoutPermissionTest"/>
  <testcase name="verifyingWithoutPermissionReportsCard_ViewReportsButtonNavigation" time="9.110" classname="com.test.automation.VerizonDigitalSignage.TestCases.DashboardTestWithoutPermissionTest"/>
  <testcase name="verifyingWithoutPermissionDisplaysCard_ViewDisplaysButtonNavigation" time="7.833" classname="com.test.automation.VerizonDigitalSignage.TestCases.DashboardTestWithoutPermissionTest"/>
</testsuite> <!-- com.test.automation.VerizonDigitalSignage.TestCases.DashboardTestWithoutPermissionTest -->
