<?xml version="1.0" encoding="UTF-8"?>
<!-- Generated by org.testng.reporters.JUnitReportReporter -->
<testsuite skipped="0" hostname="Neha3147582-01" name="com.test.automation.VerizonDigitalSignage.TestCases.ForgetPasswordTest" tests="3" failures="0" timestamp="29 Apr 2018 10:12:06 GMT" time="4.506" errors="0">
  <testcase name="emailAddressRequiredValidation" time="0.364" classname="com.test.automation.VerizonDigitalSignage.TestCases.ForgetPasswordTest"/>
  <testcase name="verifyEmailNotFoundValidationMessage" time="3.727" classname="com.test.automation.VerizonDigitalSignage.TestCases.ForgetPasswordTest"/>
  <testcase name="verifyNavigationToForgetPasswordScreen" time="0.415" classname="com.test.automation.VerizonDigitalSignage.TestCases.ForgetPasswordTest"/>
</testsuite> <!-- com.test.automation.VerizonDigitalSignage.TestCases.ForgetPasswordTest -->
