<?xml version="1.0" encoding="UTF-8"?>
<!-- Generated by org.testng.reporters.JUnitReportReporter -->
<testsuite skipped="0" hostname="neha3147582" name="com.test.automation.VerizonDigitalSignage.TestCases.DashboardTestWithPermissionTest" tests="18" failures="0" timestamp="07 May 2019 13:02:02 GMT" time="111.026" errors="0">
  <testcase name="verifyingFooter_Campaigns" time="3.680" classname="com.test.automation.VerizonDigitalSignage.TestCases.DashboardTestWithPermissionTest"/>
  <testcase name="verifyingFooter_GetStarted" time="3.425" classname="com.test.automation.VerizonDigitalSignage.TestCases.DashboardTestWithPermissionTest"/>
  <testcase name="verifyingFooter_Widgets" time="3.397" classname="com.test.automation.VerizonDigitalSignage.TestCases.DashboardTestWithPermissionTest"/>
  <testcase name="verifyingFooter_AboutUS" time="8.248" classname="com.test.automation.VerizonDigitalSignage.TestCases.DashboardTestWithPermissionTest"/>
  <testcase name="verifyingFooter_Dashboard" time="3.365" classname="com.test.automation.VerizonDigitalSignage.TestCases.DashboardTestWithPermissionTest"/>
  <testcase name="verifyingFooter_FAQ" time="3.391" classname="com.test.automation.VerizonDigitalSignage.TestCases.DashboardTestWithPermissionTest"/>
  <testcase name="verifyingFooter_Devices" time="4.909" classname="com.test.automation.VerizonDigitalSignage.TestCases.DashboardTestWithPermissionTest"/>
  <testcase name="verifyingFooter_LearnMore" time="8.541" classname="com.test.automation.VerizonDigitalSignage.TestCases.DashboardTestWithPermissionTest"/>
  <testcase name="verifyingFooter_ProductSupport" time="3.415" classname="com.test.automation.VerizonDigitalSignage.TestCases.DashboardTestWithPermissionTest"/>
  <testcase name="verifyingHeader_ContactUsLink" time="8.286" classname="com.test.automation.VerizonDigitalSignage.TestCases.DashboardTestWithPermissionTest"/>
  <testcase name="verifyingHeader_LearnMoreLink" time="8.268" classname="com.test.automation.VerizonDigitalSignage.TestCases.DashboardTestWithPermissionTest"/>
  <testcase name="verifyingFooter_Content" time="5.155" classname="com.test.automation.VerizonDigitalSignage.TestCases.DashboardTestWithPermissionTest"/>
  <testcase name="verifyingFooter_Schedules" time="3.462" classname="com.test.automation.VerizonDigitalSignage.TestCases.DashboardTestWithPermissionTest"/>
  <testcase name="verifyingFooter_Templates" time="4.383" classname="com.test.automation.VerizonDigitalSignage.TestCases.DashboardTestWithPermissionTest"/>
  <testcase name="verifyingFooter_ContactUs" time="8.256" classname="com.test.automation.VerizonDigitalSignage.TestCases.DashboardTestWithPermissionTest"/>
  <testcase name="verifyingFooter_Legal" time="3.365" classname="com.test.automation.VerizonDigitalSignage.TestCases.DashboardTestWithPermissionTest"/>
  <testcase name="verifyingBottomMenu_TermsOfUse" time="8.210" classname="com.test.automation.VerizonDigitalSignage.TestCases.DashboardTestWithPermissionTest"/>
  <testcase name="verifyingBottomMenu_PrivacyPolicy" time="19.270" classname="com.test.automation.VerizonDigitalSignage.TestCases.DashboardTestWithPermissionTest"/>
</testsuite> <!-- com.test.automation.VerizonDigitalSignage.TestCases.DashboardTestWithPermissionTest -->
