<?xml version="1.0" encoding="UTF-8"?>
<!-- Generated by org.testng.reporters.JUnitReportReporter -->
<testsuite hostname="nehagupta" failures="0" tests="21" name="com.test.automation.VerizonDigitalSignage.TestCases.DashboardWithPermissionTest" time="0.000" errors="0" timestamp="18 May 2022 07:57:21 GMT" skipped="21">
  <testcase classname="com.test.automation.VerizonDigitalSignage.TestCases.DashboardWithPermissionTest" name="verifyingViewLocations_MapViewLinkNavigation" time="0.000">
    <skipped/>
  </testcase> <!-- verifyingViewLocations_MapViewLinkNavigation -->
  <testcase classname="com.test.automation.VerizonDigitalSignage.TestCases.DashboardWithPermissionTest" name="verifyingAddNewContent_UploadNowLink" time="0.000">
    <skipped/>
  </testcase> <!-- verifyingAddNewContent_UploadNowLink -->
  <testcase classname="com.test.automation.VerizonDigitalSignage.TestCases.DashboardWithPermissionTest" name="verifyingCampaignSupport_CampaignsLink" time="0.000">
    <skipped/>
  </testcase> <!-- verifyingCampaignSupport_CampaignsLink -->
  <testcase classname="com.test.automation.VerizonDigitalSignage.TestCases.DashboardWithPermissionTest" name="verifyingCampaignSupport_ContentsLink" time="0.000">
    <skipped/>
  </testcase> <!-- verifyingCampaignSupport_ContentsLink -->
  <testcase classname="com.test.automation.VerizonDigitalSignage.TestCases.DashboardWithPermissionTest" name="verifyingDisplaySupport_ProductSpecificationLink" time="0.000">
    <skipped/>
  </testcase> <!-- verifyingDisplaySupport_ProductSpecificationLink -->
  <testcase classname="com.test.automation.VerizonDigitalSignage.TestCases.DashboardWithPermissionTest" name="verifyingViewAllCampaignsLinkNavigation" time="0.000">
    <skipped/>
  </testcase> <!-- verifyingViewAllCampaignsLinkNavigation -->
  <testcase classname="com.test.automation.VerizonDigitalSignage.TestCases.DashboardWithPermissionTest" name="verifyingNewCampaignCard_CreateCampaignButtonNavigation" time="0.000">
    <skipped/>
  </testcase> <!-- verifyingNewCampaignCard_CreateCampaignButtonNavigation -->
  <testcase classname="com.test.automation.VerizonDigitalSignage.TestCases.DashboardWithPermissionTest" name="verifyingDisplaySupport_SetupHardwareLinkNavigation" time="0.000">
    <skipped/>
  </testcase> <!-- verifyingDisplaySupport_SetupHardwareLinkNavigation -->
  <testcase classname="com.test.automation.VerizonDigitalSignage.TestCases.DashboardWithPermissionTest" name="verifyingHelpfulResource_ProductSupport" time="0.000">
    <skipped/>
  </testcase> <!-- verifyingHelpfulResource_ProductSupport -->
  <testcase classname="com.test.automation.VerizonDigitalSignage.TestCases.DashboardWithPermissionTest" name="verifyingDisplaySupport_ConfigureDisplayLinkNavigation" time="0.000">
    <skipped/>
  </testcase> <!-- verifyingDisplaySupport_ConfigureDisplayLinkNavigation -->
  <testcase classname="com.test.automation.VerizonDigitalSignage.TestCases.DashboardWithPermissionTest" name="verifyingCampaignSupport_TemplatesLink" time="0.000">
    <skipped/>
  </testcase> <!-- verifyingCampaignSupport_TemplatesLink -->
  <testcase classname="com.test.automation.VerizonDigitalSignage.TestCases.DashboardWithPermissionTest" name="verifyingHelpfulResource_PortalGuide" time="0.000">
    <skipped/>
  </testcase> <!-- verifyingHelpfulResource_PortalGuide -->
  <testcase classname="com.test.automation.VerizonDigitalSignage.TestCases.DashboardWithPermissionTest" name="verifyingStepByStepGuideToCampaignsLink" time="0.000">
    <skipped/>
  </testcase> <!-- verifyingStepByStepGuideToCampaignsLink -->
  <testcase classname="com.test.automation.VerizonDigitalSignage.TestCases.DashboardWithPermissionTest" name="verifyingCreateNewGroup_NewGroupLinkNavigation" time="0.000">
    <skipped/>
  </testcase> <!-- verifyingCreateNewGroup_NewGroupLinkNavigation -->
  <testcase classname="com.test.automation.VerizonDigitalSignage.TestCases.DashboardWithPermissionTest" name="verifyingCampaignSupport_WidgetsLink" time="0.000">
    <skipped/>
  </testcase> <!-- verifyingCampaignSupport_WidgetsLink -->
  <testcase classname="com.test.automation.VerizonDigitalSignage.TestCases.DashboardWithPermissionTest" name="verifyingDisplaysCard_ViewDisplaysButtonNavigation" time="0.000">
    <skipped/>
  </testcase> <!-- verifyingDisplaysCard_ViewDisplaysButtonNavigation -->
  <testcase classname="com.test.automation.VerizonDigitalSignage.TestCases.DashboardWithPermissionTest" name="verifyingDisplaySupport_DisplaysLink" time="0.000">
    <skipped/>
  </testcase> <!-- verifyingDisplaySupport_DisplaysLink -->
  <testcase classname="com.test.automation.VerizonDigitalSignage.TestCases.DashboardWithPermissionTest" name="verifyingDisplaySupport_LTEMediaPlayerUserGuideLink" time="0.000">
    <skipped/>
  </testcase> <!-- verifyingDisplaySupport_LTEMediaPlayerUserGuideLink -->
  <testcase classname="com.test.automation.VerizonDigitalSignage.TestCases.DashboardWithPermissionTest" name="verifyingViewAndEditContent_ContentLibraryLink" time="0.000">
    <skipped/>
  </testcase> <!-- verifyingViewAndEditContent_ContentLibraryLink -->
  <testcase classname="com.test.automation.VerizonDigitalSignage.TestCases.DashboardWithPermissionTest" name="verifyingHelpfulResource_GetStarted" time="0.000">
    <skipped/>
  </testcase> <!-- verifyingHelpfulResource_GetStarted -->
  <testcase classname="com.test.automation.VerizonDigitalSignage.TestCases.DashboardWithPermissionTest" name="verifyingCreateCampaignCard_CreateCampaignButtonNavigation" time="0.000">
    <skipped/>
  </testcase> <!-- verifyingCreateCampaignCard_CreateCampaignButtonNavigation -->
</testsuite> <!-- com.test.automation.VerizonDigitalSignage.TestCases.DashboardWithPermissionTest -->
