<?xml version="1.0" encoding="UTF-8"?>
<!-- Generated by org.testng.reporters.JUnitReportReporter -->
<testsuite hostname="nehagupta" failures="0" tests="16" name="com.test.automation.VerizonDigitalSignage.TestCases.SupportTest" time="0.000" errors="0" timestamp="18 May 2022 07:49:50 GMT" skipped="16">
  <testcase classname="com.test.automation.VerizonDigitalSignage.TestCases.SupportTest" name="verifyProductSupport_ProductSpecificationPage" time="0.000">
    <skipped/>
  </testcase> <!-- verifyProductSupport_ProductSpecificationPage -->
  <testcase classname="com.test.automation.VerizonDigitalSignage.TestCases.SupportTest" name="verifyLegal_RegulatoryPage" time="0.000">
    <skipped/>
  </testcase> <!-- verifyLegal_RegulatoryPage -->
  <testcase classname="com.test.automation.VerizonDigitalSignage.TestCases.SupportTest" name="verifyProductSupport_ReturnsandLimitedWarrantyPage" time="0.000">
    <skipped/>
  </testcase> <!-- verifyProductSupport_ReturnsandLimitedWarrantyPage -->
  <testcase classname="com.test.automation.VerizonDigitalSignage.TestCases.SupportTest" name="verifyGetStarted_AssignRolesPage" time="0.000">
    <skipped/>
  </testcase> <!-- verifyGetStarted_AssignRolesPage -->
  <testcase classname="com.test.automation.VerizonDigitalSignage.TestCases.SupportTest" name="verifyGetStarted_ConfigureDisplayPage" time="0.000">
    <skipped/>
  </testcase> <!-- verifyGetStarted_ConfigureDisplayPage -->
  <testcase classname="com.test.automation.VerizonDigitalSignage.TestCases.SupportTest" name="verifyGetStarted_CreateCampaignPage" time="0.000">
    <skipped/>
  </testcase> <!-- verifyGetStarted_CreateCampaignPage -->
  <testcase classname="com.test.automation.VerizonDigitalSignage.TestCases.SupportTest" name="verifyLegal_LicensesPage" time="0.000">
    <skipped/>
  </testcase> <!-- verifyLegal_LicensesPage -->
  <testcase classname="com.test.automation.VerizonDigitalSignage.TestCases.SupportTest" name="verifyLegalHovermenuPage" time="0.000">
    <skipped/>
  </testcase> <!-- verifyLegalHovermenuPage -->
  <testcase classname="com.test.automation.VerizonDigitalSignage.TestCases.SupportTest" name="verifyProductSupport_ReleasenotesPage" time="0.000">
    <skipped/>
  </testcase> <!-- verifyProductSupport_ReleasenotesPage -->
  <testcase classname="com.test.automation.VerizonDigitalSignage.TestCases.SupportTest" name="verifyProductSupportHovermenuPage" time="0.000">
    <skipped/>
  </testcase> <!-- verifyProductSupportHovermenuPage -->
  <testcase classname="com.test.automation.VerizonDigitalSignage.TestCases.SupportTest" name="verifySupportLandingPage" time="0.000">
    <skipped/>
  </testcase> <!-- verifySupportLandingPage -->
  <testcase classname="com.test.automation.VerizonDigitalSignage.TestCases.SupportTest" name="verifyGetStartedHovermenuPage" time="0.000">
    <skipped/>
  </testcase> <!-- verifyGetStartedHovermenuPage -->
  <testcase classname="com.test.automation.VerizonDigitalSignage.TestCases.SupportTest" name="verifyGetStarted_SetupHardwarePage" time="0.000">
    <skipped/>
  </testcase> <!-- verifyGetStarted_SetupHardwarePage -->
  <testcase classname="com.test.automation.VerizonDigitalSignage.TestCases.SupportTest" name="verifyFAQsHovermenuPage" time="0.000">
    <skipped/>
  </testcase> <!-- verifyFAQsHovermenuPage -->
  <testcase classname="com.test.automation.VerizonDigitalSignage.TestCases.SupportTest" name="verifyProductSupport_PortalGuidesPage" time="0.000">
    <skipped/>
  </testcase> <!-- verifyProductSupport_PortalGuidesPage -->
  <testcase classname="com.test.automation.VerizonDigitalSignage.TestCases.SupportTest" name="verifyProductSupport_UserGuidesPage" time="0.000">
    <skipped/>
  </testcase> <!-- verifyProductSupport_UserGuidesPage -->
</testsuite> <!-- com.test.automation.VerizonDigitalSignage.TestCases.SupportTest -->
