<?xml version="1.0" encoding="UTF-8"?>
<!-- Generated by org.testng.reporters.JUnitReportReporter -->
<testsuite skipped="0" hostname="neha3147582" name="com.test.automation.VerizonDigitalSignage.TestCases.SSOLoginTest" tests="1" failures="0" timestamp="10 Aug 2018 19:20:33 GMT" time="39.875" errors="0">
  <testcase name="verifySSOLoginSuccessScenario" time="39.875" classname="com.test.automation.VerizonDigitalSignage.TestCases.SSOLoginTest"/>
</testsuite> <!-- com.test.automation.VerizonDigitalSignage.TestCases.SSOLoginTest -->
