<?xml version="1.0" encoding="UTF-8"?>
<!-- Generated by org.testng.reporters.JUnitReportReporter -->
<testsuite skipped="0" hostname="Neha3147582-01" name="browserStack.BrowserStackTest2" tests="3" failures="0" timestamp="12 Apr 2018 11:38:09 GMT" time="22.108" errors="0">
  <testcase name="openApp" time="0.319" classname="browserStack.BrowserStackTest2"/>
  <testcase name="verifyLoginWithInvalidCredentials" time="15.038" classname="browserStack.BrowserStackTest2"/>
  <testcase name="loginWithValidCredentials" time="6.751" classname="browserStack.BrowserStackTest2"/>
</testsuite> <!-- browserStack.BrowserStackTest2 -->
