<?xml version="1.0" encoding="UTF-8"?>
<!-- Generated by org.testng.reporters.JUnitReportReporter -->
<testsuite hostname="nehagupta" failures="0" tests="4" name="com.test.automation.VerizonDigitalSignage.TestCases.AccountTest" time="3.174" errors="0" timestamp="18 May 2022 10:33:45 GMT" skipped="0">
  <testcase classname="com.test.automation.VerizonDigitalSignage.TestCases.AccountTest" name="verifyAmzLogo1" time="0.330"/>
  <testcase classname="com.test.automation.VerizonDigitalSignage.TestCases.AccountTest" name="verifyAmzLogo1" time="0.943"/>
  <testcase classname="com.test.automation.VerizonDigitalSignage.TestCases.AccountTest" name="verifyAmzLogo" time="1.182"/>
  <testcase classname="com.test.automation.VerizonDigitalSignage.TestCases.AccountTest" name="verifyAmzLogo" time="0.719"/>
</testsuite> <!-- com.test.automation.VerizonDigitalSignage.TestCases.AccountTest -->
