<?xml version="1.0" encoding="UTF-8"?>
<!-- Generated by org.testng.reporters.JUnitReportReporter -->
<testsuite hostname="nehagupta" failures="0" tests="2" name="com.test.automation.VerizonDigitalSignage.TestCases.AccountTest2" time="2.334" errors="0" timestamp="18 May 2022 10:33:45 GMT" skipped="0">
  <testcase classname="com.test.automation.VerizonDigitalSignage.TestCases.AccountTest2" name="verifyAmzLog4" time="1.190"/>
  <testcase classname="com.test.automation.VerizonDigitalSignage.TestCases.AccountTest2" name="verifyAmzLogo3" time="1.144"/>
</testsuite> <!-- com.test.automation.VerizonDigitalSignage.TestCases.AccountTest2 -->
