<?xml version="1.0" encoding="UTF-8"?>
<!-- Generated by org.testng.reporters.JUnitReportReporter -->
<testsuite skipped="0" hostname="neha3147582" name="com.test.automation.VerizonDigitalSignage.TestCases.CreatePublishedCampaignTest" tests="1" failures="0" timestamp="28 Jun 2018 11:53:12 GMT" time="115.704" errors="0">
  <testcase name="createExpiredCampaign" time="115.704" classname="com.test.automation.VerizonDigitalSignage.TestCases.CreatePublishedCampaignTest"/>
</testsuite> <!-- com.test.automation.VerizonDigitalSignage.TestCases.CreatePublishedCampaignTest -->
