<?xml version="1.0" encoding="UTF-8"?>
<!-- Generated by org.testng.reporters.JUnitReportReporter -->
<testsuite hostname="nehagupta" failures="0" tests="1" name="com.test.automation.LetGetQAed.TestCases.TestMakeMyTrip" time="0.812" errors="0" timestamp="25 May 2022 10:34:53 GMT" skipped="0">
  <testcase classname="com.test.automation.LetGetQAed.TestCases.TestMakeMyTrip" name="oneTest" time="0.812"/>
</testsuite> <!-- com.test.automation.LetGetQAed.TestCases.TestMakeMyTrip -->
