<?xml version="1.0" encoding="UTF-8"?>
<!-- Generated by org.testng.reporters.JUnitReportReporter -->
<testsuite skipped="0" hostname="neha3147582" name="com.test.automation.VerizonDigitalSignage.TestCases.CreateScheduledCampaignTest" tests="1" failures="0" timestamp="22 Jun 2018 10:44:06 GMT" time="226.630" errors="0">
  <testcase name="createScheduledCampaign" time="226.630" classname="com.test.automation.VerizonDigitalSignage.TestCases.CreateScheduledCampaignTest"/>
</testsuite> <!-- com.test.automation.VerizonDigitalSignage.TestCases.CreateScheduledCampaignTest -->
