<?xml version="1.0" encoding="UTF-8"?>
<!-- Generated by org.testng.reporters.JUnitReportReporter -->
<testsuite skipped="4" hostname="neha3147582" name="com.test.automation.VerizonDigitalSignage.TestCases.ForgotPasswordTest" tests="5" failures="0" timestamp="30 Apr 2019 10:12:49 GMT" time="0.000" errors="1">
  <testcase name="verifyEmailNotFoundValidationMessage" time="0.000" classname="com.test.automation.VerizonDigitalSignage.TestCases.ForgotPasswordTest">
    <skipped/>
  </testcase> <!-- verifyEmailNotFoundValidationMessage -->
  <testcase name="verifyResetPasswordEmailSentConfirmation" time="0.000" classname="com.test.automation.VerizonDigitalSignage.TestCases.ForgotPasswordTest">
    <skipped/>
  </testcase> <!-- verifyResetPasswordEmailSentConfirmation -->
  <testcase name="emailAddressRequiredValidation" time="0.000" classname="com.test.automation.VerizonDigitalSignage.TestCases.ForgotPasswordTest">
    <skipped/>
  </testcase> <!-- emailAddressRequiredValidation -->
  <testcase name="verifyNavigationToForgetPasswordScreen" time="0.000" classname="com.test.automation.VerizonDigitalSignage.TestCases.ForgotPasswordTest">
    <skipped/>
  </testcase> <!-- verifyNavigationToForgetPasswordScreen -->
  <testcase name="endTest" time="0.000" classname="com.test.automation.VerizonDigitalSignage.TestCases.ForgotPasswordTest">
    <error type="java.lang.NullPointerException">
      <![CDATA[java.lang.NullPointerExceptionat com.test.automation.VerizonDigitalSignage.TestBase.TestBase.closeBrowser(TestBase.java:325)at com.test.automation.VerizonDigitalSignage.TestBase.TestBase.endTest(TestBase.java:341)at sun.reflect.NativeMethodAccessorImpl.invoke0(Native Method)at sun.reflect.NativeMethodAccessorImpl.invoke(NativeMethodAccessorImpl.java:62)at sun.reflect.DelegatingMethodAccessorImpl.invoke(DelegatingMethodAccessorImpl.java:43)at java.lang.reflect.Method.invoke(Method.java:498)at org.testng.internal.MethodInvocationHelper.invokeMethod(MethodInvocationHelper.java:124)at org.testng.internal.MethodInvocationHelper.invokeMethodConsideringTimeout(MethodInvocationHelper.java:59)at org.testng.internal.Invoker.invokeConfigurationMethod(Invoker.java:451)at org.testng.internal.Invoker.invokeConfigurations(Invoker.java:222)at org.testng.internal.Invoker.invokeConfigurations(Invoker.java:142)at org.testng.internal.TestMethodWorker.invokeAfterClassMethods(TestMethodWorker.java:208)at org.testng.internal.TestMethodWorker.run(TestMethodWorker.java:111)at org.testng.TestRunner.privateRun(TestRunner.java:648)at org.testng.TestRunner.run(TestRunner.java:505)at org.testng.SuiteRunner.runTest(SuiteRunner.java:455)at org.testng.SuiteRunner.runSequentially(SuiteRunner.java:450)at org.testng.SuiteRunner.privateRun(SuiteRunner.java:415)at org.testng.SuiteRunner.run(SuiteRunner.java:364)at org.testng.SuiteRunnerWorker.runSuite(SuiteRunnerWorker.java:52)at org.testng.SuiteRunnerWorker.run(SuiteRunnerWorker.java:84)at org.testng.TestNG.runSuitesSequentially(TestNG.java:1187)at org.testng.TestNG.runSuitesLocally(TestNG.java:1116)at org.testng.TestNG.runSuites(TestNG.java:1028)at org.testng.TestNG.run(TestNG.java:996)at org.testng.remote.AbstractRemoteTestNG.run(AbstractRemoteTestNG.java:114)at org.testng.remote.RemoteTestNG.initAndRun(RemoteTestNG.java:251)at org.testng.remote.RemoteTestNG.main(RemoteTestNG.java:77)]]>
    </error>
  </testcase> <!-- endTest -->
</testsuite> <!-- com.test.automation.VerizonDigitalSignage.TestCases.ForgotPasswordTest -->
