<?xml version="1.0" encoding="UTF-8"?>
<!-- Generated by org.testng.reporters.JUnitReportReporter -->
<testsuite skipped="0" hostname="Neha3147582-01" name="com.test.automation.VerizonDigitalSignage.TestCases.DashboardTest" tests="2" failures="0" timestamp="11 Apr 2018 05:30:20 GMT" time="259.404" errors="0">
  <testcase name="test2" time="128.559" classname="com.test.automation.VerizonDigitalSignage.TestCases.DashboardTest"/>
  <testcase name="test1" time="130.845" classname="com.test.automation.VerizonDigitalSignage.TestCases.DashboardTest"/>
</testsuite> <!-- com.test.automation.VerizonDigitalSignage.TestCases.DashboardTest -->
