<?xml version="1.0" encoding="UTF-8"?>
<!-- Generated by org.testng.reporters.JUnitReportReporter -->
<testsuite skipped="0" hostname="neha3147582" name="com.test.automation.VerizonDigitalSignage.TestCases.CampaignTest" tests="14" failures="0" timestamp="28 Apr 2020 13:19:21 GMT" time="429.129" errors="0">
  <testcase name="verifyImportSharedCampaignsCancelScenario" time="24.192" classname="com.test.automation.VerizonDigitalSignage.TestCases.CampaignTest"/>
  <testcase name="verifyMoveCampaignToFolder" time="66.127" classname="com.test.automation.VerizonDigitalSignage.TestCases.CampaignTest"/>
  <testcase name="verifyDeleteCampaignScenario" time="40.492" classname="com.test.automation.VerizonDigitalSignage.TestCases.CampaignTest"/>
  <testcase name="checkInDraftsTab" time="4.719" classname="com.test.automation.VerizonDigitalSignage.TestCases.CampaignTest"/>
  <testcase name="verifyImportSharedCampaignFinishScenario" time="40.543" classname="com.test.automation.VerizonDigitalSignage.TestCases.CampaignTest"/>
  <testcase name="verifySearchCampaign" time="38.284" classname="com.test.automation.VerizonDigitalSignage.TestCases.CampaignTest"/>
  <testcase name="verifyImportedSuccessfullyGreenToastMessageScenario" time="41.282" classname="com.test.automation.VerizonDigitalSignage.TestCases.CampaignTest"/>
  <testcase name="verifyListViewFunctionalityForCampaigns" time="5.063" classname="com.test.automation.VerizonDigitalSignage.TestCases.CampaignTest"/>
  <testcase name="checkInExpiredTab" time="4.933" classname="com.test.automation.VerizonDigitalSignage.TestCases.CampaignTest"/>
  <testcase name="verifyCampaignsImportingBlueToastMessageScenario" time="39.123" classname="com.test.automation.VerizonDigitalSignage.TestCases.CampaignTest"/>
  <testcase name="verifyCreationOfDuplicateCampaign" time="57.245" classname="com.test.automation.VerizonDigitalSignage.TestCases.CampaignTest"/>
  <testcase name="verifyImportSharedCampaignsImportMoreScenario" time="39.934" classname="com.test.automation.VerizonDigitalSignage.TestCases.CampaignTest"/>
  <testcase name="verifyAddNewFolderFromCampaignListingPage" time="23.104" classname="com.test.automation.VerizonDigitalSignage.TestCases.CampaignTest"/>
  <testcase name="checkInLiveTab" time="4.088" classname="com.test.automation.VerizonDigitalSignage.TestCases.CampaignTest"/>
</testsuite> <!-- com.test.automation.VerizonDigitalSignage.TestCases.CampaignTest -->
