<?xml version="1.0" encoding="UTF-8"?>
<!-- Generated by org.testng.reporters.JUnitReportReporter -->
<testsuite skipped="0" hostname="Neha3147582-01" name="com.test.automation.VerizonDigitalSignage.TestCases.DashboardTestWithoutPermission" tests="5" failures="0" timestamp="25 Apr 2018 12:13:11 GMT" time="12.807" errors="0">
  <testcase name="verifyingWithoutPermissionReportsCard_ViewReportsButtonNavigation" time="0.254" classname="com.test.automation.VerizonDigitalSignage.TestCases.DashboardTestWithoutPermission"/>
  <testcase name="verifyingWithoutPermissionCampaignsCard_ViewCampaignButtonNavigation" time="10.940" classname="com.test.automation.VerizonDigitalSignage.TestCases.DashboardTestWithoutPermission"/>
  <testcase name="verifyingWithoutPermissionLibraiesCard_ViewLibraiesButtonNavigation" time="1.101" classname="com.test.automation.VerizonDigitalSignage.TestCases.DashboardTestWithoutPermission"/>
  <testcase name="verifyingWithoutPermissionViewAllCampaignsLinkNavigation" time="0.272" classname="com.test.automation.VerizonDigitalSignage.TestCases.DashboardTestWithoutPermission"/>
  <testcase name="verifyingWithoutPermissionDisplaysCard_ViewDisplaysButtonNavigation" time="0.240" classname="com.test.automation.VerizonDigitalSignage.TestCases.DashboardTestWithoutPermission"/>
</testsuite> <!-- com.test.automation.VerizonDigitalSignage.TestCases.DashboardTestWithoutPermission -->
