<?xml version="1.0" encoding="UTF-8"?>
<!-- Generated by org.testng.reporters.JUnitReportReporter -->
<testsuite skipped="0" hostname="neha3147582" name="com.test.automation.VerizonDigitalSignage.TestCases.ScheduleTest" tests="3" failures="0" timestamp="04 May 2020 10:49:37 GMT" time="133.934" errors="0">
  <testcase name="verifyCampaignScheduleEditFunctionality" time="69.444" classname="com.test.automation.VerizonDigitalSignage.TestCases.ScheduleTest"/>
  <testcase name="verifyScheduleLandingPage" time="26.214" classname="com.test.automation.VerizonDigitalSignage.TestCases.ScheduleTest"/>
  <testcase name="verifyCampaignScheduleModal" time="38.276" classname="com.test.automation.VerizonDigitalSignage.TestCases.ScheduleTest"/>
</testsuite> <!-- com.test.automation.VerizonDigitalSignage.TestCases.ScheduleTest -->
