<?xml version="1.0" encoding="UTF-8"?>
<!-- Generated by org.testng.reporters.JUnitReportReporter -->
<testsuite skipped="0" hostname="neha3147582" name="com.test.automation.VerizonDigitalSignage.TestCases.CreateDraftCampaignTest" tests="1" failures="0" timestamp="28 Apr 2020 13:19:21 GMT" time="213.618" errors="0">
  <testcase name="createDraftCampaign" time="213.618" classname="com.test.automation.VerizonDigitalSignage.TestCases.CreateDraftCampaignTest"/>
</testsuite> <!-- com.test.automation.VerizonDigitalSignage.TestCases.CreateDraftCampaignTest -->
