<?xml version="1.0" encoding="UTF-8"?>
<!-- Generated by org.testng.reporters.JUnitReportReporter -->
<testsuite hostname="nehagupta" failures="0" tests="18" name="com.test.automation.VerizonDigitalSignage.TestCases.FooterTest" time="0.000" errors="0" timestamp="18 May 2022 07:57:21 GMT" skipped="18">
  <testcase classname="com.test.automation.VerizonDigitalSignage.TestCases.FooterTest" name="verifyingFooter_LearnMore" time="0.000">
    <skipped/>
  </testcase> <!-- verifyingFooter_LearnMore -->
  <testcase classname="com.test.automation.VerizonDigitalSignage.TestCases.FooterTest" name="verifyingFooter_Devices" time="0.000">
    <skipped/>
  </testcase> <!-- verifyingFooter_Devices -->
  <testcase classname="com.test.automation.VerizonDigitalSignage.TestCases.FooterTest" name="verifyingFooter_Legal" time="0.000">
    <skipped/>
  </testcase> <!-- verifyingFooter_Legal -->
  <testcase classname="com.test.automation.VerizonDigitalSignage.TestCases.FooterTest" name="verifyingFooter_Dashboard" time="0.000">
    <skipped/>
  </testcase> <!-- verifyingFooter_Dashboard -->
  <testcase classname="com.test.automation.VerizonDigitalSignage.TestCases.FooterTest" name="verifyingFooter_AboutUS" time="0.000">
    <skipped/>
  </testcase> <!-- verifyingFooter_AboutUS -->
  <testcase classname="com.test.automation.VerizonDigitalSignage.TestCases.FooterTest" name="verifyingFooter_Campaigns" time="0.000">
    <skipped/>
  </testcase> <!-- verifyingFooter_Campaigns -->
  <testcase classname="com.test.automation.VerizonDigitalSignage.TestCases.FooterTest" name="verifyingFooter_Templates" time="0.000">
    <skipped/>
  </testcase> <!-- verifyingFooter_Templates -->
  <testcase classname="com.test.automation.VerizonDigitalSignage.TestCases.FooterTest" name="verifyingFooter_GetStarted" time="0.000">
    <skipped/>
  </testcase> <!-- verifyingFooter_GetStarted -->
  <testcase classname="com.test.automation.VerizonDigitalSignage.TestCases.FooterTest" name="verifyingHeader_ContactUsLink" time="0.000">
    <skipped/>
  </testcase> <!-- verifyingHeader_ContactUsLink -->
  <testcase classname="com.test.automation.VerizonDigitalSignage.TestCases.FooterTest" name="verifyingHeader_LearnMoreLink" time="0.000">
    <skipped/>
  </testcase> <!-- verifyingHeader_LearnMoreLink -->
  <testcase classname="com.test.automation.VerizonDigitalSignage.TestCases.FooterTest" name="verifyingFooter_FAQ" time="0.000">
    <skipped/>
  </testcase> <!-- verifyingFooter_FAQ -->
  <testcase classname="com.test.automation.VerizonDigitalSignage.TestCases.FooterTest" name="verifyingBottomMenu_TermsOfUse" time="0.000">
    <skipped/>
  </testcase> <!-- verifyingBottomMenu_TermsOfUse -->
  <testcase classname="com.test.automation.VerizonDigitalSignage.TestCases.FooterTest" name="verifyingFooter_Schedules" time="0.000">
    <skipped/>
  </testcase> <!-- verifyingFooter_Schedules -->
  <testcase classname="com.test.automation.VerizonDigitalSignage.TestCases.FooterTest" name="verifyingFooter_Widgets" time="0.000">
    <skipped/>
  </testcase> <!-- verifyingFooter_Widgets -->
  <testcase classname="com.test.automation.VerizonDigitalSignage.TestCases.FooterTest" name="verifyingBottomMenu_PrivacyPolicy" time="0.000">
    <skipped/>
  </testcase> <!-- verifyingBottomMenu_PrivacyPolicy -->
  <testcase classname="com.test.automation.VerizonDigitalSignage.TestCases.FooterTest" name="verifyingFooter_Content" time="0.000">
    <skipped/>
  </testcase> <!-- verifyingFooter_Content -->
  <testcase classname="com.test.automation.VerizonDigitalSignage.TestCases.FooterTest" name="verifyingFooter_ProductSupport" time="0.000">
    <skipped/>
  </testcase> <!-- verifyingFooter_ProductSupport -->
  <testcase classname="com.test.automation.VerizonDigitalSignage.TestCases.FooterTest" name="verifyingFooter_ContactUs" time="0.000">
    <skipped/>
  </testcase> <!-- verifyingFooter_ContactUs -->
</testsuite> <!-- com.test.automation.VerizonDigitalSignage.TestCases.FooterTest -->
