<?xml version="1.0" encoding="UTF-8"?>
<!-- Generated by org.testng.reporters.JUnitReportReporter -->
<testsuite hostname="nehagupta" failures="0" tests="2" name="com.test.automation.VerizonDigitalSignage.TestCases.AccountTest3" time="0.617" errors="0" timestamp="18 May 2022 10:33:45 GMT" skipped="0">
  <testcase classname="com.test.automation.VerizonDigitalSignage.TestCases.AccountTest3" name="verifyAmzLog4" time="0.339"/>
  <testcase classname="com.test.automation.VerizonDigitalSignage.TestCases.AccountTest3" name="verifyAmzLogo3" time="0.278"/>
</testsuite> <!-- com.test.automation.VerizonDigitalSignage.TestCases.AccountTest3 -->
